Build started 03/12/2014 12:34:32.
     1>Project "C:\Sites\first_app\sirisSCPCalculator\SirisSCPCalculator\SirisSCPCalculator\SirisSCPCalculator.vcxproj" on node 2 (Build target(s)).
     1>ClCompile:
         C:\Program Files (x86)\Microsoft Visual Studio 12.0\VC\bin\CL.exe /c /I"C:\Users\Guilherme\Downloads\glpk-4.54\src" /Zi /nologo /W3 /WX- /sdl /O2 /Oi /Oy- /GL /D WIN32 /D NDEBUG /D _CONSOLE /D _LIB /D _UNICODE /D UNICODE /Gm- /EHsc /MD /GS /Gy /fp:precise /Zc:wchar_t /Zc:forScope /Yu"stdafx.h" /Fp"Release\SirisSCPCalculator.pch" /Fo"Release\\" /Fd"Release\vc120.pdb" /Gd /TP /analyze- /errorReport:prompt Requisition.cpp SirisSCPCalculator.cpp
         Requisition.cpp
     1>c:\sites\first_app\sirisscpcalculator\sirisscpcalculator\sirisscpcalculator\Requisition.h(18): warning C4244: 'initializing' : conversion from 'double' to 'const int', possible loss of data
     1>c:\sites\first_app\sirisscpcalculator\sirisscpcalculator\sirisscpcalculator\Requisition.h(37): warning C4018: '<' : signed/unsigned mismatch
     1>c:\sites\first_app\sirisscpcalculator\sirisscpcalculator\sirisscpcalculator\Requisition.h(42): warning C4018: '<' : signed/unsigned mismatch
     1>c:\sites\first_app\sirisscpcalculator\sirisscpcalculator\sirisscpcalculator\Requisition.h(46): warning C4018: '<' : signed/unsigned mismatch
     1>Requisition.cpp(161): warning C4018: '<' : signed/unsigned mismatch
     1>Requisition.cpp(163): warning C4018: '<' : signed/unsigned mismatch
     1>Requisition.cpp(166): warning C4018: '<' : signed/unsigned mismatch
     1>Requisition.cpp(186): warning C4018: '<' : signed/unsigned mismatch
     1>Requisition.cpp(195): warning C4018: '<' : signed/unsigned mismatch
     1>Requisition.cpp(198): warning C4800: 'int' : forcing value to bool 'true' or 'false' (performance warning)
     1>Requisition.cpp(214): warning C4018: '<' : signed/unsigned mismatch
     1>Requisition.cpp(220): warning C4018: '<' : signed/unsigned mismatch
     1>Requisition.cpp(246): warning C4018: '<' : signed/unsigned mismatch
     1>Requisition.cpp(255): warning C4018: '<' : signed/unsigned mismatch
     1>Requisition.cpp(258): warning C4800: 'int' : forcing value to bool 'true' or 'false' (performance warning)
     1>Requisition.cpp(274): warning C4018: '<' : signed/unsigned mismatch
     1>Requisition.cpp(280): warning C4018: '<' : signed/unsigned mismatch
     1>Requisition.cpp(303): warning C4018: '<' : signed/unsigned mismatch
     1>Requisition.cpp(308): warning C4018: '<' : signed/unsigned mismatch
     1>Requisition.cpp(311): warning C4800: 'int' : forcing value to bool 'true' or 'false' (performance warning)
     1>Requisition.cpp(340): warning C4018: '<' : signed/unsigned mismatch
     1>Requisition.cpp(351): warning C4018: '<' : signed/unsigned mismatch
     1>Requisition.cpp(358): warning C4018: '<' : signed/unsigned mismatch
     1>Requisition.cpp(362): warning C4018: '<' : signed/unsigned mismatch
     1>Requisition.cpp(370): warning C4018: '<' : signed/unsigned mismatch
     1>Requisition.cpp(323): warning C4101: 'file' : unreferenced local variable
     1>Requisition.cpp(414): warning C4018: '<' : signed/unsigned mismatch
     1>Requisition.cpp(425): warning C4018: '<' : signed/unsigned mismatch
     1>Requisition.cpp(436): warning C4018: '<' : signed/unsigned mismatch
     1>Requisition.cpp(443): warning C4018: '<' : signed/unsigned mismatch
     1>Requisition.cpp(470): warning C4018: '<' : signed/unsigned mismatch
     1>Requisition.cpp(473): warning C4018: '<' : signed/unsigned mismatch
     1>Requisition.cpp(492): warning C4018: '<' : signed/unsigned mismatch
     1>Requisition.cpp(496): warning C4018: '<' : signed/unsigned mismatch
     1>Requisition.cpp(502): warning C4018: '<' : signed/unsigned mismatch
     1>Requisition.cpp(506): warning C4018: '<' : signed/unsigned mismatch
     1>Requisition.cpp(512): warning C4018: '<' : signed/unsigned mismatch
     1>Requisition.cpp(528): warning C4018: '<' : signed/unsigned mismatch
     1>Requisition.cpp(582): warning C4018: '<' : signed/unsigned mismatch
     1>Requisition.cpp(603): warning C4018: '<' : signed/unsigned mismatch
     1>Requisition.cpp(660): warning C4018: '<' : signed/unsigned mismatch
     1>Requisition.cpp(729): warning C4018: '<' : signed/unsigned mismatch
     1>Requisition.cpp(757): warning C4018: '<' : signed/unsigned mismatch
     1>Requisition.cpp(783): warning C4018: '<' : signed/unsigned mismatch
     1>Requisition.cpp(796): warning C4018: '<' : signed/unsigned mismatch
     1>Requisition.cpp(799): warning C4018: '<' : signed/unsigned mismatch
     1>Requisition.cpp(802): warning C4800: 'int' : forcing value to bool 'true' or 'false' (performance warning)
     1>Requisition.cpp(815): warning C4018: '<' : signed/unsigned mismatch
     1>Requisition.cpp(822): warning C4018: '<' : signed/unsigned mismatch
     1>Requisition.cpp(825): warning C4018: '<' : signed/unsigned mismatch
     1>Requisition.cpp(831): warning C4018: '<' : signed/unsigned mismatch
     1>Requisition.cpp(839): warning C4800: 'int' : forcing value to bool 'true' or 'false' (performance warning)
     1>Requisition.cpp(873): warning C4018: '<' : signed/unsigned mismatch
     1>Requisition.cpp(902): warning C4018: '<' : signed/unsigned mismatch
     1>Requisition.cpp(904): warning C4018: '<' : signed/unsigned mismatch
     1>Requisition.cpp(906): warning C4800: 'int' : forcing value to bool 'true' or 'false' (performance warning)
     1>Requisition.cpp(928): warning C4018: '<' : signed/unsigned mismatch
     1>Requisition.cpp(930): warning C4800: 'int' : forcing value to bool 'true' or 'false' (performance warning)
     1>Requisition.cpp(948): warning C4018: '<' : signed/unsigned mismatch
     1>Requisition.cpp(951): warning C4018: '<' : signed/unsigned mismatch
         SirisSCPCalculator.cpp
     1>SirisSCPCalculator.cpp(3): warning C4603: '_CRTDBG_MAP_ALLOC' : macro is not defined or definition is different after precompiled header use
                 Add macro to precompiled header instead of defining here
                 SirisSCPCalculator.cpp(4) : use of precompiled header
     1>c:\sites\first_app\sirisscpcalculator\sirisscpcalculator\sirisscpcalculator\Requisition.h(18): warning C4244: 'initializing' : conversion from 'double' to 'const int', possible loss of data
     1>c:\sites\first_app\sirisscpcalculator\sirisscpcalculator\sirisscpcalculator\Requisition.h(37): warning C4018: '<' : signed/unsigned mismatch
     1>c:\sites\first_app\sirisscpcalculator\sirisscpcalculator\sirisscpcalculator\Requisition.h(42): warning C4018: '<' : signed/unsigned mismatch
     1>c:\sites\first_app\sirisscpcalculator\sirisscpcalculator\sirisscpcalculator\Requisition.h(46): warning C4018: '<' : signed/unsigned mismatch
     1>SirisSCPCalculator.cpp(109): warning C4018: '<' : signed/unsigned mismatch
     1>SirisSCPCalculator.cpp(116): warning C4018: '<' : signed/unsigned mismatch
     1>SirisSCPCalculator.cpp(124): warning C4305: 'argument' : truncation from 'double' to 'float'
     1>SirisSCPCalculator.cpp(126): warning C4305: 'argument' : truncation from 'double' to 'float'
     1>SirisSCPCalculator.cpp(81): warning C4101: 'meterY' : unreferenced local variable
     1>SirisSCPCalculator.cpp(81): warning C4101: 'meterX' : unreferenced local variable
     1>SirisSCPCalculator.cpp(171): warning C4018: '<' : signed/unsigned mismatch
     1>SirisSCPCalculator.cpp(173): warning C4018: '<' : signed/unsigned mismatch
     1>SirisSCPCalculator.cpp(202): warning C4018: '<' : signed/unsigned mismatch
       Link:
         C:\Program Files (x86)\Microsoft Visual Studio 12.0\VC\bin\link.exe /ERRORREPORT:PROMPT /OUT:"C:\Sites\first_app\sirisSCPCalculator\SirisSCPCalculator\Release\SirisSCPCalculator.exe" /INCREMENTAL:NO /NOLOGO /LIBPATH:"C:\Users\Guilherme\Downloads\glpk-4.54\w32\glpk_4_54.lib" kernel32.lib user32.lib gdi32.lib winspool.lib comdlg32.lib advapi32.lib shell32.lib ole32.lib oleaut32.lib uuid.lib odbc32.lib odbccp32.lib /MANIFEST /MANIFESTUAC:"level='asInvoker' uiAccess='false'" /manifest:embed /DEBUG /PDB:"C:\Sites\first_app\sirisSCPCalculator\SirisSCPCalculator\Release\SirisSCPCalculator.pdb" /SUBSYSTEM:CONSOLE /OPT:REF /OPT:ICF /LTCG /TLBID:1 /DYNAMICBASE /NXCOMPAT /IMPLIB:"C:\Sites\first_app\sirisSCPCalculator\SirisSCPCalculator\Release\SirisSCPCalculator.lib" /MACHINE:X86 /SAFESEH Release\AutoPlanResponse.obj
         Release\auxiliars.obj
         Release\ClusterMethods.obj
         Release\DrawResponse.obj
         Release\Grasp.obj
         Release\Grid.obj
         Release\HataSRD.obj
         Release\MetricsResponse.obj
         Release\Requisition.obj
         Release\SirisSCPCalculator.obj
         Release\stdafx.obj
         Generating code
         Finished generating code
         SirisSCPCalculator.vcxproj -> C:\Sites\first_app\sirisSCPCalculator\SirisSCPCalculator\Release\SirisSCPCalculator.exe
     1>Done Building Project "C:\Sites\first_app\sirisSCPCalculator\SirisSCPCalculator\SirisSCPCalculator\SirisSCPCalculator.vcxproj" (Build target(s)).

Build succeeded.

Time Elapsed 00:00:04.61
