c:\users\guilherme\documents\github\sirisonrails\sirisscpcalculator\sirisscpcalculator\sirisscpcalculator\release\sirisscpcalculator.pch
c:\users\guilherme\documents\github\sirisonrails\sirisscpcalculator\sirisscpcalculator\sirisscpcalculator\release\vc120.pdb
c:\users\guilherme\documents\github\sirisonrails\sirisscpcalculator\sirisscpcalculator\sirisscpcalculator\release\stdafx.obj
c:\users\guilherme\documents\github\sirisonrails\sirisscpcalculator\sirisscpcalculator\sirisscpcalculator\release\sirisscpcalculator.obj
c:\users\guilherme\documents\github\sirisonrails\sirisscpcalculator\sirisscpcalculator\sirisscpcalculator\release\requisition.obj
c:\users\guilherme\documents\github\sirisonrails\sirisscpcalculator\sirisscpcalculator\sirisscpcalculator\release\metricsresponse.obj
c:\users\guilherme\documents\github\sirisonrails\sirisscpcalculator\sirisscpcalculator\sirisscpcalculator\release\hatasrd.obj
c:\users\guilherme\documents\github\sirisonrails\sirisscpcalculator\sirisscpcalculator\sirisscpcalculator\release\grid.obj
c:\users\guilherme\documents\github\sirisonrails\sirisscpcalculator\sirisscpcalculator\sirisscpcalculator\release\grasp.obj
c:\users\guilherme\documents\github\sirisonrails\sirisscpcalculator\sirisscpcalculator\sirisscpcalculator\release\drawresponse.obj
c:\users\guilherme\documents\github\sirisonrails\sirisscpcalculator\sirisscpcalculator\sirisscpcalculator\release\clustermethods.obj
c:\users\guilherme\documents\github\sirisonrails\sirisscpcalculator\sirisscpcalculator\sirisscpcalculator\release\auxiliars.obj
c:\users\guilherme\documents\github\sirisonrails\sirisscpcalculator\sirisscpcalculator\sirisscpcalculator\release\autoplanresponse.obj
c:\users\guilherme\documents\github\sirisonrails\sirisscpcalculator\sirisscpcalculator\release\sirisscpcalculator.pdb
c:\users\guilherme\documents\github\sirisonrails\sirisscpcalculator\sirisscpcalculator\release\sirisscpcalculator.exe
c:\users\guilherme\documents\github\sirisonrails\sirisscpcalculator\sirisscpcalculator\sirisscpcalculator\release\sirisscp.5bcf6d07.tlog\cl.command.1.tlog
c:\users\guilherme\documents\github\sirisonrails\sirisscpcalculator\sirisscpcalculator\sirisscpcalculator\release\sirisscp.5bcf6d07.tlog\cl.read.1.tlog
c:\users\guilherme\documents\github\sirisonrails\sirisscpcalculator\sirisscpcalculator\sirisscpcalculator\release\sirisscp.5bcf6d07.tlog\cl.write.1.tlog
c:\users\guilherme\documents\github\sirisonrails\sirisscpcalculator\sirisscpcalculator\sirisscpcalculator\release\sirisscp.5bcf6d07.tlog\link.command.1.tlog
c:\users\guilherme\documents\github\sirisonrails\sirisscpcalculator\sirisscpcalculator\sirisscpcalculator\release\sirisscp.5bcf6d07.tlog\link.read.1.tlog
c:\users\guilherme\documents\github\sirisonrails\sirisscpcalculator\sirisscpcalculator\sirisscpcalculator\release\sirisscp.5bcf6d07.tlog\link.write.1.tlog
